<component name="libraryTable">
  <library name="junit-libs">
    <CLASSES>
      <root url="file://$PROJECT_DIR$/../junit-libs" />
      <root url="jar://$USER_HOME$/Downloads/junit-4.12.jar!/" />
      <root url="jar://$USER_HOME$/Downloads/hamcrest-core-1.3.jar!/" />
    </CLASSES>
    <JAVADOC />
    <SOURCES />
    <jarDirectory url="file://$PROJECT_DIR$/../junit-libs" recursive="false" />
  </library>
</component>